{"C:\\Users\\moham\\Downloads\\Visual Studio Code\\React\\CC\\parking\\src\\App.tsx": {"path":"C:\\Users\\moham\\Downloads\\Visual Studio Code\\React\\CC\\parking\\src\\App.tsx","statementMap":{"0":{"start":{"line":7,"column":44},"end":{"line":7,"column":64}},"1":{"start":{"line":9,"column":19},"end":{"line":9,"column":34}},"2":{"start":{"line":11,"column":19},"end":{"line":11,"column":32}},"3":{"start":{"line":13,"column":23},"end":{"line":15,"column":3}},"4":{"start":{"line":14,"column":4},"end":{"line":14,"column":41}},"5":{"start":{"line":17,"column":23},"end":{"line":20,"column":3}},"6":{"start":{"line":18,"column":4},"end":{"line":18,"column":23}},"7":{"start":{"line":19,"column":4},"end":{"line":19,"column":51}},"8":{"start":{"line":22,"column":2},"end":{"line":24,"column":9}},"9":{"start":{"line":23,"column":4},"end":{"line":23,"column":29}},"10":{"start":{"line":26,"column":2},"end":{"line":69,"column":4}},"11":{"start":{"line":45,"column":41},"end":{"line":45,"column":56}}},"fnMap":{"0":{"name":"App","decl":{"start":{"line":6,"column":9},"end":{"line":6,"column":12}},"loc":{"start":{"line":6,"column":15},"end":{"line":70,"column":1}},"line":6},"1":{"name":"(anonymous_1)","decl":{"start":{"line":13,"column":23},"end":{"line":13,"column":24}},"loc":{"start":{"line":13,"column":71},"end":{"line":15,"column":3}},"line":13},"2":{"name":"(anonymous_2)","decl":{"start":{"line":17,"column":23},"end":{"line":17,"column":24}},"loc":{"start":{"line":17,"column":64},"end":{"line":20,"column":3}},"line":17},"3":{"name":"(anonymous_3)","decl":{"start":{"line":22,"column":12},"end":{"line":22,"column":13}},"loc":{"start":{"line":22,"column":18},"end":{"line":24,"column":3}},"line":22},"4":{"name":"(anonymous_4)","decl":{"start":{"line":45,"column":34},"end":{"line":45,"column":35}},"loc":{"start":{"line":45,"column":41},"end":{"line":45,"column":56}},"line":45}},"branchMap":{},"s":{"0":4,"1":4,"2":4,"3":4,"4":1,"5":4,"6":1,"7":1,"8":4,"9":2,"10":4,"11":1},"f":{"0":4,"1":1,"2":1,"3":2,"4":1},"b":{},"_coverageSchema":"1a1c01bbd47fc00a2c39e90264f33305004495a9","hash":"48a14c26f4e4eafb926443a7833aa8faee53ccf0"}
,"C:\\Users\\moham\\Downloads\\Visual Studio Code\\React\\CC\\parking\\src\\index.tsx": {"path":"C:\\Users\\moham\\Downloads\\Visual Studio Code\\React\\CC\\parking\\src\\index.tsx","statementMap":{"0":{"start":{"line":8,"column":13},"end":{"line":10,"column":1}},"1":{"start":{"line":11,"column":0},"end":{"line":19,"column":2}}},"fnMap":{},"branchMap":{},"s":{"0":0,"1":0},"f":{},"b":{}}
,"C:\\Users\\moham\\Downloads\\Visual Studio Code\\React\\CC\\parking\\src\\components\\Exit.tsx": {"path":"C:\\Users\\moham\\Downloads\\Visual Studio Code\\React\\CC\\parking\\src\\components\\Exit.tsx","statementMap":{"0":{"start":{"line":6,"column":19},"end":{"line":24,"column":1}},"1":{"start":{"line":26,"column":13},"end":{"line":110,"column":1}},"2":{"start":{"line":34,"column":14},"end":{"line":34,"column":33}},"3":{"start":{"line":35,"column":14},"end":{"line":35,"column":32}},"4":{"start":{"line":37,"column":13},"end":{"line":37,"column":56}},"5":{"start":{"line":38,"column":18},"end":{"line":38,"column":49}},"6":{"start":{"line":40,"column":19},"end":{"line":40,"column":20}},"7":{"start":{"line":41,"column":2},"end":{"line":45,"column":3}},"8":{"start":{"line":42,"column":4},"end":{"line":42,"column":20}},"9":{"start":{"line":43,"column":9},"end":{"line":45,"column":3}},"10":{"start":{"line":44,"column":4},"end":{"line":44,"column":43}},"11":{"start":{"line":47,"column":2},"end":{"line":49,"column":34}},"12":{"start":{"line":48,"column":4},"end":{"line":48,"column":30}},"13":{"start":{"line":51,"column":2},"end":{"line":109,"column":4}},"14":{"start":{"line":54,"column":21},"end":{"line":54,"column":40}},"15":{"start":{"line":93,"column":27},"end":{"line":93,"column":46}}},"fnMap":{"0":{"name":"(anonymous_0)","decl":{"start":{"line":26,"column":13},"end":{"line":26,"column":14}},"loc":{"start":{"line":33,"column":17},"end":{"line":110,"column":1}},"line":33},"1":{"name":"(anonymous_1)","decl":{"start":{"line":47,"column":12},"end":{"line":47,"column":13}},"loc":{"start":{"line":47,"column":18},"end":{"line":49,"column":3}},"line":47},"2":{"name":"(anonymous_2)","decl":{"start":{"line":54,"column":15},"end":{"line":54,"column":16}},"loc":{"start":{"line":54,"column":21},"end":{"line":54,"column":40}},"line":54},"3":{"name":"(anonymous_3)","decl":{"start":{"line":93,"column":21},"end":{"line":93,"column":22}},"loc":{"start":{"line":93,"column":27},"end":{"line":93,"column":46}},"line":93}},"branchMap":{"0":{"loc":{"start":{"line":41,"column":2},"end":{"line":45,"column":3}},"type":"if","locations":[{"start":{"line":41,"column":2},"end":{"line":45,"column":3}},{"start":{"line":43,"column":9},"end":{"line":45,"column":3}}],"line":41},"1":{"loc":{"start":{"line":43,"column":9},"end":{"line":45,"column":3}},"type":"if","locations":[{"start":{"line":43,"column":9},"end":{"line":45,"column":3}},{"start":{},"end":{}}],"line":43}},"s":{"0":3,"1":3,"2":29,"3":29,"4":29,"5":29,"6":29,"7":29,"8":0,"9":29,"10":0,"11":29,"12":7,"13":29,"14":0,"15":1},"f":{"0":29,"1":7,"2":0,"3":1},"b":{"0":[0,29],"1":[0,29]},"_coverageSchema":"1a1c01bbd47fc00a2c39e90264f33305004495a9","hash":"7b9b933a29a62d1de5c716ff764a0f8213339271"}
,"C:\\Users\\moham\\Downloads\\Visual Studio Code\\React\\CC\\parking\\src\\components\\ExitTime.tsx": {"path":"C:\\Users\\moham\\Downloads\\Visual Studio Code\\React\\CC\\parking\\src\\components\\ExitTime.tsx","statementMap":{"0":{"start":{"line":5,"column":19},"end":{"line":22,"column":1}},"1":{"start":{"line":24,"column":17},"end":{"line":66,"column":1}},"2":{"start":{"line":31,"column":2},"end":{"line":65,"column":4}},"3":{"start":{"line":34,"column":21},"end":{"line":34,"column":44}},"4":{"start":{"line":51,"column":27},"end":{"line":51,"column":54}}},"fnMap":{"0":{"name":"(anonymous_0)","decl":{"start":{"line":24,"column":17},"end":{"line":24,"column":18}},"loc":{"start":{"line":30,"column":21},"end":{"line":66,"column":1}},"line":30},"1":{"name":"(anonymous_1)","decl":{"start":{"line":34,"column":15},"end":{"line":34,"column":16}},"loc":{"start":{"line":34,"column":21},"end":{"line":34,"column":44}},"line":34},"2":{"name":"(anonymous_2)","decl":{"start":{"line":51,"column":20},"end":{"line":51,"column":21}},"loc":{"start":{"line":51,"column":27},"end":{"line":51,"column":54}},"line":51}},"branchMap":{},"s":{"0":3,"1":3,"2":29,"3":0,"4":0},"f":{"0":29,"1":0,"2":0},"b":{},"_coverageSchema":"1a1c01bbd47fc00a2c39e90264f33305004495a9","hash":"9d8b77f1a26c6d9a6766d80fcc4fb0e8f5f4285e"}
,"C:\\Users\\moham\\Downloads\\Visual Studio Code\\React\\CC\\parking\\src\\components\\ParkingSpace.tsx": {"path":"C:\\Users\\moham\\Downloads\\Visual Studio Code\\React\\CC\\parking\\src\\components\\ParkingSpace.tsx","statementMap":{"0":{"start":{"line":7,"column":21},"end":{"line":131,"column":1}},"1":{"start":{"line":14,"column":32},"end":{"line":14,"column":52}},"2":{"start":{"line":15,"column":48},"end":{"line":15,"column":71}},"3":{"start":{"line":16,"column":36},"end":{"line":16,"column":60}},"4":{"start":{"line":17,"column":34},"end":{"line":17,"column":54}},"5":{"start":{"line":18,"column":44},"end":{"line":18,"column":68}},"6":{"start":{"line":19,"column":50},"end":{"line":19,"column":70}},"7":{"start":{"line":20,"column":38},"end":{"line":20,"column":57}},"8":{"start":{"line":22,"column":2},"end":{"line":29,"column":30}},"9":{"start":{"line":23,"column":4},"end":{"line":28,"column":5}},"10":{"start":{"line":24,"column":6},"end":{"line":24,"column":28}},"11":{"start":{"line":26,"column":6},"end":{"line":26,"column":28}},"12":{"start":{"line":27,"column":6},"end":{"line":27,"column":32}},"13":{"start":{"line":32,"column":24},"end":{"line":40,"column":3}},"14":{"start":{"line":33,"column":4},"end":{"line":33,"column":27}},"15":{"start":{"line":34,"column":4},"end":{"line":39,"column":7}},"16":{"start":{"line":35,"column":6},"end":{"line":37,"column":7}},"17":{"start":{"line":36,"column":8},"end":{"line":36,"column":38}},"18":{"start":{"line":38,"column":6},"end":{"line":38,"column":18}},"19":{"start":{"line":43,"column":25},"end":{"line":46,"column":3}},"20":{"start":{"line":44,"column":4},"end":{"line":44,"column":28}},"21":{"start":{"line":45,"column":4},"end":{"line":45,"column":23}},"22":{"start":{"line":49,"column":28},"end":{"line":80,"column":3}},"23":{"start":{"line":50,"column":4},"end":{"line":50,"column":62}},"24":{"start":{"line":50,"column":41},"end":{"line":50,"column":60}},"25":{"start":{"line":51,"column":4},"end":{"line":53,"column":6}},"26":{"start":{"line":52,"column":6},"end":{"line":52,"column":57}},"27":{"start":{"line":52,"column":43},"end":{"line":52,"column":56}},"28":{"start":{"line":54,"column":4},"end":{"line":54,"column":29}},"29":{"start":{"line":55,"column":4},"end":{"line":55,"column":24}},"30":{"start":{"line":58,"column":23},"end":{"line":58,"column":76}},"31":{"start":{"line":58,"column":62},"end":{"line":58,"column":75}},"32":{"start":{"line":59,"column":21},"end":{"line":62,"column":5}},"33":{"start":{"line":63,"column":4},"end":{"line":63,"column":26}},"34":{"start":{"line":64,"column":20},"end":{"line":68,"column":5}},"35":{"start":{"line":69,"column":4},"end":{"line":79,"column":9}},"36":{"start":{"line":71,"column":8},"end":{"line":71,"column":45}},"37":{"start":{"line":72,"column":8},"end":{"line":72,"column":31}},"38":{"start":{"line":75,"column":8},"end":{"line":75,"column":50}},"39":{"start":{"line":78,"column":8},"end":{"line":78,"column":39}},"40":{"start":{"line":82,"column":2},"end":{"line":130,"column":4}}},"fnMap":{"0":{"name":"(anonymous_0)","decl":{"start":{"line":7,"column":21},"end":{"line":7,"column":22}},"loc":{"start":{"line":13,"column":25},"end":{"line":131,"column":1}},"line":13},"1":{"name":"(anonymous_1)","decl":{"start":{"line":22,"column":12},"end":{"line":22,"column":13}},"loc":{"start":{"line":22,"column":18},"end":{"line":29,"column":3}},"line":22},"2":{"name":"(anonymous_2)","decl":{"start":{"line":32,"column":24},"end":{"line":32,"column":25}},"loc":{"start":{"line":32,"column":30},"end":{"line":40,"column":3}},"line":32},"3":{"name":"(anonymous_3)","decl":{"start":{"line":34,"column":19},"end":{"line":34,"column":20}},"loc":{"start":{"line":34,"column":40},"end":{"line":39,"column":5}},"line":34},"4":{"name":"(anonymous_4)","decl":{"start":{"line":43,"column":25},"end":{"line":43,"column":26}},"loc":{"start":{"line":43,"column":31},"end":{"line":46,"column":3}},"line":43},"5":{"name":"(anonymous_5)","decl":{"start":{"line":49,"column":28},"end":{"line":49,"column":29}},"loc":{"start":{"line":49,"column":34},"end":{"line":80,"column":3}},"line":49},"6":{"name":"(anonymous_6)","decl":{"start":{"line":50,"column":25},"end":{"line":50,"column":26}},"loc":{"start":{"line":50,"column":41},"end":{"line":50,"column":60}},"line":50},"7":{"name":"(anonymous_7)","decl":{"start":{"line":51,"column":18},"end":{"line":51,"column":19}},"loc":{"start":{"line":52,"column":6},"end":{"line":52,"column":57}},"line":52},"8":{"name":"(anonymous_8)","decl":{"start":{"line":52,"column":22},"end":{"line":52,"column":23}},"loc":{"start":{"line":52,"column":43},"end":{"line":52,"column":56}},"line":52},"9":{"name":"(anonymous_9)","decl":{"start":{"line":58,"column":41},"end":{"line":58,"column":42}},"loc":{"start":{"line":58,"column":62},"end":{"line":58,"column":75}},"line":58},"10":{"name":"(anonymous_10)","decl":{"start":{"line":70,"column":12},"end":{"line":70,"column":13}},"loc":{"start":{"line":70,"column":26},"end":{"line":73,"column":7}},"line":70},"11":{"name":"(anonymous_11)","decl":{"start":{"line":74,"column":12},"end":{"line":74,"column":13}},"loc":{"start":{"line":74,"column":26},"end":{"line":76,"column":7}},"line":74},"12":{"name":"(anonymous_12)","decl":{"start":{"line":77,"column":13},"end":{"line":77,"column":14}},"loc":{"start":{"line":77,"column":24},"end":{"line":79,"column":7}},"line":77}},"branchMap":{"0":{"loc":{"start":{"line":23,"column":4},"end":{"line":28,"column":5}},"type":"if","locations":[{"start":{"line":23,"column":4},"end":{"line":28,"column":5}},{"start":{"line":25,"column":11},"end":{"line":28,"column":5}}],"line":23},"1":{"loc":{"start":{"line":35,"column":6},"end":{"line":37,"column":7}},"type":"if","locations":[{"start":{"line":35,"column":6},"end":{"line":37,"column":7}},{"start":{},"end":{}}],"line":35},"2":{"loc":{"start":{"line":87,"column":10},"end":{"line":89,"column":48}},"type":"cond-expr","locations":[{"start":{"line":88,"column":14},"end":{"line":88,"column":43}},{"start":{"line":89,"column":14},"end":{"line":89,"column":48}}],"line":87},"3":{"loc":{"start":{"line":107,"column":25},"end":{"line":107,"column":66}},"type":"cond-expr","locations":[{"start":{"line":107,"column":43},"end":{"line":107,"column":49}},{"start":{"line":107,"column":52},"end":{"line":107,"column":66}}],"line":107}},"s":{"0":3,"1":28,"2":28,"3":28,"4":28,"5":28,"6":28,"7":28,"8":28,"9":10,"10":6,"11":4,"12":4,"13":28,"14":2,"15":2,"16":2,"17":2,"18":2,"19":28,"20":2,"21":2,"22":28,"23":1,"24":1,"25":1,"26":1,"27":1,"28":1,"29":1,"30":1,"31":1,"32":1,"33":1,"34":1,"35":1,"36":0,"37":0,"38":0,"39":0,"40":28},"f":{"0":28,"1":10,"2":2,"3":2,"4":2,"5":1,"6":1,"7":1,"8":1,"9":1,"10":0,"11":0,"12":0},"b":{"0":[6,4],"1":[2,0],"2":[19,9],"3":[19,9]},"_coverageSchema":"1a1c01bbd47fc00a2c39e90264f33305004495a9","hash":"a3e4307e97577e20f238a47f179b85149898a5cc"}
,"C:\\Users\\moham\\Downloads\\Visual Studio Code\\React\\CC\\parking\\src\\components\\Registration.tsx": {"path":"C:\\Users\\moham\\Downloads\\Visual Studio Code\\React\\CC\\parking\\src\\components\\Registration.tsx","statementMap":{"0":{"start":{"line":5,"column":19},"end":{"line":23,"column":1}},"1":{"start":{"line":25,"column":21},"end":{"line":82,"column":1}},"2":{"start":{"line":34,"column":2},"end":{"line":81,"column":4}},"3":{"start":{"line":37,"column":21},"end":{"line":37,"column":39}},"4":{"start":{"line":49,"column":27},"end":{"line":49,"column":56}},"5":{"start":{"line":66,"column":27},"end":{"line":66,"column":57}}},"fnMap":{"0":{"name":"(anonymous_0)","decl":{"start":{"line":25,"column":21},"end":{"line":25,"column":22}},"loc":{"start":{"line":33,"column":25},"end":{"line":82,"column":1}},"line":33},"1":{"name":"(anonymous_1)","decl":{"start":{"line":37,"column":15},"end":{"line":37,"column":16}},"loc":{"start":{"line":37,"column":21},"end":{"line":37,"column":39}},"line":37},"2":{"name":"(anonymous_2)","decl":{"start":{"line":49,"column":20},"end":{"line":49,"column":21}},"loc":{"start":{"line":49,"column":27},"end":{"line":49,"column":56}},"line":49},"3":{"name":"(anonymous_3)","decl":{"start":{"line":66,"column":20},"end":{"line":66,"column":21}},"loc":{"start":{"line":66,"column":27},"end":{"line":66,"column":57}},"line":66}},"branchMap":{},"s":{"0":3,"1":3,"2":14,"3":0,"4":0,"5":0},"f":{"0":14,"1":0,"2":0,"3":0},"b":{},"_coverageSchema":"1a1c01bbd47fc00a2c39e90264f33305004495a9","hash":"76adef9765ba704c30dbd54676a9f9ca8fb5bbeb"}
,"C:\\Users\\moham\\Downloads\\Visual Studio Code\\React\\CC\\parking\\src\\pages\\Parking.tsx": {"path":"C:\\Users\\moham\\Downloads\\Visual Studio Code\\React\\CC\\parking\\src\\pages\\Parking.tsx","statementMap":{"0":{"start":{"line":10,"column":16},"end":{"line":123,"column":1}},"1":{"start":{"line":11,"column":28},"end":{"line":11,"column":52}},"2":{"start":{"line":12,"column":34},"end":{"line":12,"column":58}},"3":{"start":{"line":13,"column":40},"end":{"line":13,"column":60}},"4":{"start":{"line":14,"column":38},"end":{"line":14,"column":58}},"5":{"start":{"line":15,"column":38},"end":{"line":15,"column":69}},"6":{"start":{"line":17,"column":20},"end":{"line":17,"column":33}},"7":{"start":{"line":18,"column":33},"end":{"line":18,"column":48}},"8":{"start":{"line":19,"column":27},"end":{"line":19,"column":59}},"9":{"start":{"line":21,"column":52},"end":{"line":23,"column":3}},"10":{"start":{"line":22,"column":10},"end":{"line":22,"column":58}},"11":{"start":{"line":25,"column":21},"end":{"line":25,"column":23}},"12":{"start":{"line":26,"column":2},"end":{"line":37,"column":3}},"13":{"start":{"line":26,"column":15},"end":{"line":26,"column":16}},"14":{"start":{"line":27,"column":4},"end":{"line":36,"column":6}},"15":{"start":{"line":39,"column":35},"end":{"line":52,"column":3}},"16":{"start":{"line":40,"column":4},"end":{"line":40,"column":23}},"17":{"start":{"line":41,"column":23},"end":{"line":41,"column":71}},"18":{"start":{"line":42,"column":4},"end":{"line":44,"column":5}},"19":{"start":{"line":43,"column":6},"end":{"line":43,"column":70}},"20":{"start":{"line":45,"column":4},"end":{"line":47,"column":6}},"21":{"start":{"line":46,"column":6},"end":{"line":46,"column":66}},"22":{"start":{"line":46,"column":43},"end":{"line":46,"column":65}},"23":{"start":{"line":48,"column":4},"end":{"line":51,"column":7}},"24":{"start":{"line":48,"column":32},"end":{"line":51,"column":5}},"25":{"start":{"line":54,"column":25},"end":{"line":62,"column":3}},"26":{"start":{"line":55,"column":4},"end":{"line":61,"column":5}},"27":{"start":{"line":56,"column":6},"end":{"line":56,"column":24}},"28":{"start":{"line":57,"column":6},"end":{"line":57,"column":25}},"29":{"start":{"line":58,"column":6},"end":{"line":58,"column":24}},"30":{"start":{"line":60,"column":6},"end":{"line":60,"column":21}},"31":{"start":{"line":64,"column":27},"end":{"line":72,"column":3}},"32":{"start":{"line":68,"column":4},"end":{"line":70,"column":5}},"33":{"start":{"line":69,"column":6},"end":{"line":69,"column":13}},"34":{"start":{"line":71,"column":4},"end":{"line":71,"column":20}},"35":{"start":{"line":74,"column":2},"end":{"line":122,"column":4}}},"fnMap":{"0":{"name":"(anonymous_0)","decl":{"start":{"line":10,"column":16},"end":{"line":10,"column":17}},"loc":{"start":{"line":10,"column":22},"end":{"line":123,"column":1}},"line":10},"1":{"name":"(anonymous_1)","decl":{"start":{"line":22,"column":4},"end":{"line":22,"column":5}},"loc":{"start":{"line":22,"column":10},"end":{"line":22,"column":58}},"line":22},"2":{"name":"(anonymous_2)","decl":{"start":{"line":39,"column":35},"end":{"line":39,"column":36}},"loc":{"start":{"line":39,"column":41},"end":{"line":52,"column":3}},"line":39},"3":{"name":"(anonymous_3)","decl":{"start":{"line":45,"column":25},"end":{"line":45,"column":26}},"loc":{"start":{"line":46,"column":6},"end":{"line":46,"column":66}},"line":46},"4":{"name":"(anonymous_4)","decl":{"start":{"line":46,"column":24},"end":{"line":46,"column":25}},"loc":{"start":{"line":46,"column":43},"end":{"line":46,"column":65}},"line":46},"5":{"name":"(anonymous_5)","decl":{"start":{"line":48,"column":18},"end":{"line":48,"column":19}},"loc":{"start":{"line":48,"column":32},"end":{"line":51,"column":5}},"line":48},"6":{"name":"(anonymous_6)","decl":{"start":{"line":54,"column":25},"end":{"line":54,"column":26}},"loc":{"start":{"line":54,"column":31},"end":{"line":62,"column":3}},"line":54},"7":{"name":"(anonymous_7)","decl":{"start":{"line":64,"column":27},"end":{"line":64,"column":28}},"loc":{"start":{"line":67,"column":7},"end":{"line":72,"column":3}},"line":67}},"branchMap":{"0":{"loc":{"start":{"line":55,"column":4},"end":{"line":61,"column":5}},"type":"if","locations":[{"start":{"line":55,"column":4},"end":{"line":61,"column":5}},{"start":{"line":59,"column":11},"end":{"line":61,"column":5}}],"line":55},"1":{"loc":{"start":{"line":68,"column":4},"end":{"line":70,"column":5}},"type":"if","locations":[{"start":{"line":68,"column":4},"end":{"line":70,"column":5}},{"start":{},"end":{}}],"line":68}},"s":{"0":3,"1":13,"2":13,"3":13,"4":13,"5":13,"6":13,"7":13,"8":13,"9":13,"10":5,"11":13,"12":13,"13":13,"14":12,"15":13,"16":3,"17":3,"18":3,"19":0,"20":3,"21":3,"22":3,"23":3,"24":3,"25":13,"26":4,"27":3,"28":3,"29":3,"30":1,"31":13,"32":0,"33":0,"34":0,"35":13},"f":{"0":13,"1":5,"2":3,"3":3,"4":3,"5":3,"6":4,"7":0},"b":{"0":[3,1],"1":[0,0]},"_coverageSchema":"1a1c01bbd47fc00a2c39e90264f33305004495a9","hash":"299e814174fbb64b6031d87800c901e1b791d4dc"}
,"C:\\Users\\moham\\Downloads\\Visual Studio Code\\React\\CC\\parking\\src\\types\\index.ts": {"path":"C:\\Users\\moham\\Downloads\\Visual Studio Code\\React\\CC\\parking\\src\\types\\index.ts","statementMap":{},"fnMap":{},"branchMap":{},"s":{},"f":{},"b":{}}
}
