TN:
SF:src\App.tsx
FN:6,App
FN:13,(anonymous_1)
FN:17,(anonymous_2)
FN:22,(anonymous_3)
FN:45,(anonymous_4)
FNF:5
FNH:5
FNDA:4,App
FNDA:1,(anonymous_1)
FNDA:1,(anonymous_2)
FNDA:2,(anonymous_3)
FNDA:1,(anonymous_4)
DA:7,4
DA:9,4
DA:11,4
DA:13,4
DA:14,1
DA:17,4
DA:18,1
DA:19,1
DA:22,4
DA:23,2
DA:26,4
DA:45,1
LF:12
LH:12
BRF:0
BRH:0
end_of_record
TN:
SF:src\index.tsx
FNF:0
FNH:0
DA:8,0
DA:11,0
LF:2
LH:0
BRF:0
BRH:0
end_of_record
TN:
SF:src\components\Exit.tsx
FN:26,(anonymous_0)
FN:47,(anonymous_1)
FN:54,(anonymous_2)
FN:93,(anonymous_3)
FNF:4
FNH:3
FNDA:29,(anonymous_0)
FNDA:7,(anonymous_1)
FNDA:0,(anonymous_2)
FNDA:1,(anonymous_3)
DA:6,3
DA:26,3
DA:34,29
DA:35,29
DA:37,29
DA:38,29
DA:40,29
DA:41,29
DA:42,0
DA:43,29
DA:44,0
DA:47,29
DA:48,7
DA:51,29
DA:54,0
DA:93,1
LF:16
LH:13
BRDA:41,0,0,0
BRDA:41,0,1,29
BRDA:43,1,0,0
BRDA:43,1,1,29
BRF:4
BRH:2
end_of_record
TN:
SF:src\components\ExitTime.tsx
FN:24,(anonymous_0)
FN:34,(anonymous_1)
FN:51,(anonymous_2)
FNF:3
FNH:1
FNDA:29,(anonymous_0)
FNDA:0,(anonymous_1)
FNDA:0,(anonymous_2)
DA:5,3
DA:24,3
DA:31,29
DA:34,0
DA:51,0
LF:5
LH:3
BRF:0
BRH:0
end_of_record
TN:
SF:src\components\ParkingSpace.tsx
FN:7,(anonymous_0)
FN:22,(anonymous_1)
FN:32,(anonymous_2)
FN:34,(anonymous_3)
FN:43,(anonymous_4)
FN:49,(anonymous_5)
FN:50,(anonymous_6)
FN:51,(anonymous_7)
FN:52,(anonymous_8)
FN:58,(anonymous_9)
FN:70,(anonymous_10)
FN:74,(anonymous_11)
FN:77,(anonymous_12)
FNF:13
FNH:10
FNDA:28,(anonymous_0)
FNDA:10,(anonymous_1)
FNDA:2,(anonymous_2)
FNDA:2,(anonymous_3)
FNDA:2,(anonymous_4)
FNDA:1,(anonymous_5)
FNDA:1,(anonymous_6)
FNDA:1,(anonymous_7)
FNDA:1,(anonymous_8)
FNDA:1,(anonymous_9)
FNDA:0,(anonymous_10)
FNDA:0,(anonymous_11)
FNDA:0,(anonymous_12)
DA:7,3
DA:14,28
DA:15,28
DA:16,28
DA:17,28
DA:18,28
DA:19,28
DA:20,28
DA:22,28
DA:23,10
DA:24,6
DA:26,4
DA:27,4
DA:32,28
DA:33,2
DA:34,2
DA:35,2
DA:36,2
DA:38,2
DA:43,28
DA:44,2
DA:45,2
DA:49,28
DA:50,1
DA:51,1
DA:52,1
DA:54,1
DA:55,1
DA:58,1
DA:59,1
DA:63,1
DA:64,1
DA:69,1
DA:71,0
DA:72,0
DA:75,0
DA:78,0
DA:82,28
LF:38
LH:34
BRDA:23,0,0,6
BRDA:23,0,1,4
BRDA:35,1,0,2
BRDA:35,1,1,0
BRDA:87,2,0,19
BRDA:87,2,1,9
BRDA:107,3,0,19
BRDA:107,3,1,9
BRF:8
BRH:7
end_of_record
TN:
SF:src\components\Registration.tsx
FN:25,(anonymous_0)
FN:37,(anonymous_1)
FN:49,(anonymous_2)
FN:66,(anonymous_3)
FNF:4
FNH:1
FNDA:14,(anonymous_0)
FNDA:0,(anonymous_1)
FNDA:0,(anonymous_2)
FNDA:0,(anonymous_3)
DA:5,3
DA:25,3
DA:34,14
DA:37,0
DA:49,0
DA:66,0
LF:6
LH:3
BRF:0
BRH:0
end_of_record
TN:
SF:src\pages\Parking.tsx
FN:10,(anonymous_0)
FN:22,(anonymous_1)
FN:39,(anonymous_2)
FN:45,(anonymous_3)
FN:46,(anonymous_4)
FN:48,(anonymous_5)
FN:54,(anonymous_6)
FN:64,(anonymous_7)
FNF:8
FNH:7
FNDA:13,(anonymous_0)
FNDA:5,(anonymous_1)
FNDA:3,(anonymous_2)
FNDA:3,(anonymous_3)
FNDA:3,(anonymous_4)
FNDA:3,(anonymous_5)
FNDA:4,(anonymous_6)
FNDA:0,(anonymous_7)
DA:10,3
DA:11,13
DA:12,13
DA:13,13
DA:14,13
DA:15,13
DA:17,13
DA:18,13
DA:19,13
DA:21,13
DA:22,5
DA:25,13
DA:26,13
DA:27,12
DA:39,13
DA:40,3
DA:41,3
DA:42,3
DA:43,0
DA:45,3
DA:46,3
DA:48,3
DA:54,13
DA:55,4
DA:56,3
DA:57,3
DA:58,3
DA:60,1
DA:64,13
DA:68,0
DA:69,0
DA:71,0
DA:74,13
LF:33
LH:29
BRDA:55,0,0,3
BRDA:55,0,1,1
BRDA:68,1,0,0
BRDA:68,1,1,0
BRF:4
BRH:2
end_of_record
TN:
SF:src\types\index.ts
FNF:0
FNH:0
LF:0
LH:0
BRF:0
BRH:0
end_of_record
